-- Logs begin at Fri 2020-05-01 09:54:22 IST. --
May 01 16:15:38 localhost.localdomain systemd[1]: Starting Fingerprint Authentication Daemon...
May 01 16:15:38 localhost.localdomain systemd[1]: Started Fingerprint Authentication Daemon.
May 01 16:15:38 localhost.localdomain audit[1]: SERVICE_START pid=1 uid=0 auid=4294967295 ses=4294967295 subj=system_u:system_r:init_t:s0 msg='unit=fprintd comm="systemd" exe="/usr/lib/systemd/systemd" hostname=? addr=? terminal=? res=success'
May 01 16:15:42 localhost.localdomain audit[3324]: USER_AUTH pid=3324 uid=1000 auid=1000 ses=3 subj=unconfined_u:unconfined_r:unconfined_t:s0-s0:c0.c1023 msg='op=PAM:authentication grantors=pam_usertype,pam_localuser,pam_unix acct="revati-ThinkPad-l490" exe="/usr/bin/sudo" hostname=? addr=? terminal=/dev/pts/1 res=success'
May 01 16:15:42 localhost.localdomain audit[3324]: USER_ACCT pid=3324 uid=1000 auid=1000 ses=3 subj=unconfined_u:unconfined_r:unconfined_t:s0-s0:c0.c1023 msg='op=PAM:accounting grantors=pam_unix,pam_localuser acct="revati-ThinkPad-l490" exe="/usr/bin/sudo" hostname=? addr=? terminal=/dev/pts/1 res=success'
May 01 16:15:42 localhost.localdomain sudo[3324]: revati-ThinkPad-l490 : TTY=pts/1 ; PWD=/home/revati-ThinkPad-l490 ; USER=root ; COMMAND=/usr/bin/journalctl -b -f
May 01 16:15:42 localhost.localdomain audit[3324]: USER_CMD pid=3324 uid=1000 auid=1000 ses=3 subj=unconfined_u:unconfined_r:unconfined_t:s0-s0:c0.c1023 msg='cwd="/home/revati-ThinkPad-l490" cmd=6A6F75726E616C63746C202D62202D66 exe="/usr/bin/sudo" terminal=pts/1 res=success'
May 01 16:15:42 localhost.localdomain audit[3324]: CRED_REFR pid=3324 uid=0 auid=1000 ses=3 subj=unconfined_u:unconfined_r:unconfined_t:s0-s0:c0.c1023 msg='op=PAM:setcred grantors=pam_localuser,pam_unix acct="root" exe="/usr/bin/sudo" hostname=? addr=? terminal=/dev/pts/1 res=success'
May 01 16:15:42 localhost.localdomain sudo[3324]: pam_unix(sudo:session): session opened for user root by (uid=0)
May 01 16:15:42 localhost.localdomain audit[3324]: USER_START pid=3324 uid=0 auid=1000 ses=3 subj=unconfined_u:unconfined_r:unconfined_t:s0-s0:c0.c1023 msg='op=PAM:session_open grantors=pam_keyinit,pam_limits,pam_keyinit,pam_limits,pam_systemd,pam_unix acct="root" exe="/usr/bin/sudo" hostname=? addr=? terminal=/dev/pts/1 res=success'
May 01 16:16:08 localhost.localdomain systemd[1]: fprintd.service: Succeeded.
May 01 16:16:08 localhost.localdomain audit[1]: SERVICE_STOP pid=1 uid=0 auid=4294967295 ses=4294967295 subj=system_u:system_r:init_t:s0 msg='unit=fprintd comm="systemd" exe="/usr/lib/systemd/systemd" hostname=? addr=? terminal=? res=success'
May 01 16:16:20 localhost.localdomain systemd[1]: flatpak-system-helper.service: Succeeded.
May 01 16:16:20 localhost.localdomain audit[1]: SERVICE_STOP pid=1 uid=0 auid=4294967295 ses=4294967295 subj=system_u:system_r:init_t:s0 msg='unit=flatpak-system-helper comm="systemd" exe="/usr/lib/systemd/systemd" hostname=? addr=? terminal=? res=success'
May 01 16:16:20 localhost.localdomain systemd[1]: flatpak-system-helper.service: Consumed 1.192s CPU time.
May 01 16:17:21 localhost.localdomain sudo[3281]: pam_unix(sudo:auth): conversation failed
May 01 16:17:21 localhost.localdomain audit[3281]: USER_AUTH pid=3281 uid=1000 auid=1000 ses=3 subj=unconfined_u:unconfined_r:unconfined_t:s0-s0:c0.c1023 msg='op=PAM:authentication grantors=? acct="revati-ThinkPad-l490" exe="/usr/bin/sudo" hostname=? addr=? terminal=/dev/pts/2 res=failed'
May 01 16:17:21 localhost.localdomain sudo[3281]: pam_unix(sudo:auth): auth could not identify password for [revati-ThinkPad-l490]
May 01 16:17:23 localhost.localdomain audit[3281]: USER_CMD pid=3281 uid=1000 auid=1000 ses=3 subj=unconfined_u:unconfined_r:unconfined_t:s0-s0:c0.c1023 msg='cwd="/home/revati-ThinkPad-l490" cmd=646D657367202D77 exe="/usr/bin/sudo" terminal=pts/2 res=failed'
May 01 16:17:47 localhost.localdomain kernel: pcieport 0000:00:1d.0: AER: Corrected error received: 0000:04:00.0
May 01 16:17:47 localhost.localdomain kernel: nvme 0000:04:00.0: AER: PCIe Bus Error: severity=Corrected, type=Data Link Layer, (Transmitter ID)
May 01 16:17:47 localhost.localdomain kernel: nvme 0000:04:00.0: AER:   device [8086:f1a6] error status/mask=00001000/0000e000
May 01 16:17:47 localhost.localdomain kernel: nvme 0000:04:00.0: AER:    [12] Timeout               
May 01 16:18:45 localhost.localdomain kernel: pcieport 0000:00:1d.0: AER: Corrected error received: 0000:04:00.0
May 01 16:18:45 localhost.localdomain kernel: nvme 0000:04:00.0: AER: PCIe Bus Error: severity=Corrected, type=Data Link Layer, (Transmitter ID)
May 01 16:18:45 localhost.localdomain kernel: nvme 0000:04:00.0: AER:   device [8086:f1a6] error status/mask=00001000/0000e000
May 01 16:18:45 localhost.localdomain kernel: nvme 0000:04:00.0: AER:    [12] Timeout               
May 01 16:19:16 localhost.localdomain kernel: pcieport 0000:00:1d.0: AER: Corrected error received: 0000:04:00.0
May 01 16:19:16 localhost.localdomain kernel: nvme 0000:04:00.0: AER: PCIe Bus Error: severity=Corrected, type=Data Link Layer, (Transmitter ID)
May 01 16:19:16 localhost.localdomain kernel: nvme 0000:04:00.0: AER:   device [8086:f1a6] error status/mask=00001000/0000e000
May 01 16:19:16 localhost.localdomain kernel: nvme 0000:04:00.0: AER:    [12] Timeout               
May 01 16:19:17 localhost.localdomain systemd[1889]: Started VTE child process 3395 launched by gnome-terminal-server process 2903.
May 01 16:19:27 localhost.localdomain systemd[1]: Starting Cleanup of Temporary Directories...
May 01 16:19:27 localhost.localdomain systemd-tmpfiles[3396]: /etc/tmpfiles.d/tpm2-tss-fapi.conf:3: Line references path below legacy directory /var/run/, updating /var/run/tpm2-tss/eventlog → /run/tpm2-tss/eventlog; please update the tmpfiles.d/ drop-in file accordingly.
May 01 16:19:27 localhost.localdomain systemd[1]: systemd-tmpfiles-clean.service: Succeeded.
May 01 16:19:27 localhost.localdomain systemd[1]: Finished Cleanup of Temporary Directories.
May 01 16:19:27 localhost.localdomain audit[1]: SERVICE_START pid=1 uid=0 auid=4294967295 ses=4294967295 subj=system_u:system_r:init_t:s0 msg='unit=systemd-tmpfiles-clean comm="systemd" exe="/usr/lib/systemd/systemd" hostname=? addr=? terminal=? res=success'
May 01 16:19:27 localhost.localdomain audit[1]: SERVICE_STOP pid=1 uid=0 auid=4294967295 ses=4294967295 subj=system_u:system_r:init_t:s0 msg='unit=systemd-tmpfiles-clean comm="systemd" exe="/usr/lib/systemd/systemd" hostname=? addr=? terminal=? res=success'
May 01 16:20:02 localhost.localdomain PackageKit[1644]: resolve transaction /6_cbceecca from uid 1000 finished with success after 846258ms
May 01 16:20:03 localhost.localdomain PackageKit[1644]: get-updates transaction /8_dcacbcdc from uid 1000 finished with success after 1755ms
May 01 16:20:03 localhost.localdomain gnome-software[2322]: failed to resolve third party repo: Timeout was reached as packagekit took too long to return results
May 01 16:20:03 localhost.localdomain systemd[1]: Starting flatpak system helper...
May 01 16:20:03 localhost.localdomain PackageKit[1644]: resolve transaction /9_ecddaecb from uid 1000 finished with success after 15ms
May 01 16:20:03 localhost.localdomain systemd[1]: Started flatpak system helper.
May 01 16:20:03 localhost.localdomain audit[1]: SERVICE_START pid=1 uid=0 auid=4294967295 ses=4294967295 subj=system_u:system_r:init_t:s0 msg='unit=flatpak-system-helper comm="systemd" exe="/usr/lib/systemd/systemd" hostname=? addr=? terminal=? res=success'
May 01 16:20:04 localhost.localdomain PackageKit[1644]: get-details transaction /10_cddebced from uid 1000 finished with success after 90ms
May 01 16:20:04 localhost.localdomain PackageKit[1644]: resolve transaction /11_ddcebeda from uid 1000 finished with success after 22ms
May 01 16:20:06 localhost.localdomain PackageKit[1644]: get-update-detail transaction /12_bebcddbb from uid 1000 finished with success after 1758ms
May 01 16:20:06 localhost.localdomain PackageKit[1644]: get-details transaction /13_eaaeccab from uid 1000 finished with success after 113ms
May 01 16:20:54 localhost.localdomain systemd[1]: Starting Fingerprint Authentication Daemon...
May 01 16:20:54 localhost.localdomain systemd[1]: Started Fingerprint Authentication Daemon.
May 01 16:20:54 localhost.localdomain audit[1]: SERVICE_START pid=1 uid=0 auid=4294967295 ses=4294967295 subj=system_u:system_r:init_t:s0 msg='unit=fprintd comm="systemd" exe="/usr/lib/systemd/systemd" hostname=? addr=? terminal=? res=success'
May 01 16:21:01 localhost.localdomain audit[3430]: USER_AUTH pid=3430 uid=1000 auid=1000 ses=3 subj=unconfined_u:unconfined_r:unconfined_t:s0-s0:c0.c1023 msg='op=PAM:authentication grantors=pam_usertype,pam_localuser,pam_unix acct="revati-ThinkPad-l490" exe="/usr/bin/sudo" hostname=? addr=? terminal=/dev/pts/2 res=success'
May 01 16:21:01 localhost.localdomain audit[3430]: USER_ACCT pid=3430 uid=1000 auid=1000 ses=3 subj=unconfined_u:unconfined_r:unconfined_t:s0-s0:c0.c1023 msg='op=PAM:accounting grantors=pam_unix,pam_localuser acct="revati-ThinkPad-l490" exe="/usr/bin/sudo" hostname=? addr=? terminal=/dev/pts/2 res=success'
May 01 16:21:01 localhost.localdomain sudo[3430]: revati-ThinkPad-l490 : TTY=pts/2 ; PWD=/home/revati-ThinkPad-l490 ; USER=root ; COMMAND=/usr/bin/dmesg -w
May 01 16:21:01 localhost.localdomain audit[3430]: USER_CMD pid=3430 uid=1000 auid=1000 ses=3 subj=unconfined_u:unconfined_r:unconfined_t:s0-s0:c0.c1023 msg='cwd="/home/revati-ThinkPad-l490" cmd=646D657367202D77 exe="/usr/bin/sudo" terminal=pts/2 res=success'
May 01 16:21:01 localhost.localdomain audit[3430]: CRED_REFR pid=3430 uid=0 auid=1000 ses=3 subj=unconfined_u:unconfined_r:unconfined_t:s0-s0:c0.c1023 msg='op=PAM:setcred grantors=pam_localuser,pam_unix acct="root" exe="/usr/bin/sudo" hostname=? addr=? terminal=/dev/pts/2 res=success'
May 01 16:21:01 localhost.localdomain sudo[3430]: pam_unix(sudo:session): session opened for user root by (uid=0)
May 01 16:21:01 localhost.localdomain audit[3430]: USER_START pid=3430 uid=0 auid=1000 ses=3 subj=unconfined_u:unconfined_r:unconfined_t:s0-s0:c0.c1023 msg='op=PAM:session_open grantors=pam_keyinit,pam_limits,pam_keyinit,pam_limits,pam_systemd,pam_unix acct="root" exe="/usr/bin/sudo" hostname=? addr=? terminal=/dev/pts/2 res=success'
May 01 16:21:08 localhost.localdomain kernel: pcieport 0000:00:1d.0: AER: Multiple Corrected error received: 0000:04:00.0
May 01 16:21:08 localhost.localdomain kernel: pcieport 0000:00:1d.0: AER: PCIe Bus Error: severity=Corrected, type=Data Link Layer, (Transmitter ID)
May 01 16:21:08 localhost.localdomain kernel: pcieport 0000:00:1d.0: AER:   device [8086:9db0] error status/mask=00001100/00002000
May 01 16:21:08 localhost.localdomain kernel: pcieport 0000:00:1d.0: AER:    [ 8] Rollover              
May 01 16:21:08 localhost.localdomain kernel: pcieport 0000:00:1d.0: AER:    [12] Timeout               
May 01 16:21:08 localhost.localdomain kernel: nvme 0000:04:00.0: AER: PCIe Bus Error: severity=Corrected, type=Physical Layer, (Transmitter ID)
May 01 16:21:08 localhost.localdomain kernel: nvme 0000:04:00.0: AER:   device [8086:f1a6] error status/mask=00001001/0000e000
May 01 16:21:08 localhost.localdomain kernel: nvme 0000:04:00.0: AER:    [ 0] RxErr                 
May 01 16:21:08 localhost.localdomain kernel: nvme 0000:04:00.0: AER:    [12] Timeout               
May 01 16:21:08 localhost.localdomain kernel: nvme 0000:04:00.0: AER:   Error of this Agent is reported first
May 01 16:21:24 localhost.localdomain systemd[1]: fprintd.service: Succeeded.
May 01 16:21:24 localhost.localdomain audit[1]: SERVICE_STOP pid=1 uid=0 auid=4294967295 ses=4294967295 subj=system_u:system_r:init_t:s0 msg='unit=fprintd comm="systemd" exe="/usr/lib/systemd/systemd" hostname=? addr=? terminal=? res=success'
May 01 16:23:08 localhost.localdomain kernel: pcieport 0000:00:1d.0: AER: Multiple Corrected error received: 0000:00:1d.0
May 01 16:23:08 localhost.localdomain kernel: pcieport 0000:00:1d.0: AER: PCIe Bus Error: severity=Corrected, type=Data Link Layer, (Transmitter ID)
May 01 16:23:08 localhost.localdomain kernel: pcieport 0000:00:1d.0: AER:   device [8086:9db0] error status/mask=00001100/00002000
May 01 16:23:08 localhost.localdomain kernel: pcieport 0000:00:1d.0: AER:    [ 8] Rollover              
May 01 16:23:08 localhost.localdomain kernel: pcieport 0000:00:1d.0: AER:    [12] Timeout               
May 01 16:23:08 localhost.localdomain kernel: pcieport 0000:00:1d.0: AER:   Error of this Agent is reported first
May 01 16:23:08 localhost.localdomain kernel: nvme 0000:04:00.0: AER: PCIe Bus Error: severity=Corrected, type=Data Link Layer, (Transmitter ID)
May 01 16:23:08 localhost.localdomain kernel: nvme 0000:04:00.0: AER:   device [8086:f1a6] error status/mask=00001000/0000e000
May 01 16:23:08 localhost.localdomain kernel: nvme 0000:04:00.0: AER:    [12] Timeout               
May 01 16:24:16 localhost.localdomain sudo[2909]: pam_unix(sudo:session): session closed for user root
May 01 16:24:16 localhost.localdomain audit[2909]: USER_END pid=2909 uid=0 auid=1000 ses=3 subj=unconfined_u:unconfined_r:unconfined_t:s0-s0:c0.c1023 msg='op=PAM:session_close grantors=pam_keyinit,pam_limits,pam_keyinit,pam_limits,pam_systemd,pam_unix acct="root" exe="/usr/bin/sudo" hostname=? addr=? terminal=/dev/pts/0 res=success'
May 01 16:24:16 localhost.localdomain audit[2909]: CRED_DISP pid=2909 uid=0 auid=1000 ses=3 subj=unconfined_u:unconfined_r:unconfined_t:s0-s0:c0.c1023 msg='op=PAM:setcred grantors=pam_localuser,pam_unix acct="root" exe="/usr/bin/sudo" hostname=? addr=? terminal=/dev/pts/0 res=success'
May 01 16:25:09 localhost.localdomain PackageKit[1644]: daemon quit
May 01 16:25:09 localhost.localdomain audit[1]: SERVICE_STOP pid=1 uid=0 auid=4294967295 ses=4294967295 subj=system_u:system_r:init_t:s0 msg='unit=packagekit comm="systemd" exe="/usr/lib/systemd/systemd" hostname=? addr=? terminal=? res=success'
May 01 16:25:09 localhost.localdomain systemd[1]: packagekit.service: Succeeded.
May 01 16:25:09 localhost.localdomain systemd[1]: packagekit.service: Consumed 28.455s CPU time.
May 01 16:25:59 localhost.localdomain wpa_supplicant[1429]: wlp5s0: CTRL-EVENT-SIGNAL-CHANGE above=0 signal=-74 noise=9999 txrate=72200
May 01 16:26:07 localhost.localdomain wpa_supplicant[1429]: wlp5s0: CTRL-EVENT-SIGNAL-CHANGE above=1 signal=-75 noise=9999 txrate=28900
May 01 16:26:11 localhost.localdomain wpa_supplicant[1429]: wlp5s0: CTRL-EVENT-SIGNAL-CHANGE above=1 signal=-62 noise=9999 txrate=72200
May 01 16:26:14 localhost.localdomain kernel: pcieport 0000:00:1d.0: AER: Corrected error received: 0000:04:00.0
May 01 16:26:14 localhost.localdomain kernel: nvme 0000:04:00.0: AER: PCIe Bus Error: severity=Corrected, type=Data Link Layer, (Transmitter ID)
May 01 16:26:14 localhost.localdomain kernel: nvme 0000:04:00.0: AER:   device [8086:f1a6] error status/mask=00001000/0000e000
May 01 16:26:14 localhost.localdomain kernel: nvme 0000:04:00.0: AER:    [12] Timeout               
May 01 16:26:19 localhost.localdomain wpa_supplicant[1429]: wlp5s0: CTRL-EVENT-SIGNAL-CHANGE above=1 signal=-55 noise=9999 txrate=72200
May 01 16:26:26 localhost.localdomain kernel: pcieport 0000:00:1d.0: AER: Multiple Corrected error received: 0000:04:00.0
May 01 16:26:26 localhost.localdomain kernel: nvme 0000:04:00.0: AER: PCIe Bus Error: severity=Corrected, type=Physical Layer, (Transmitter ID)
May 01 16:26:26 localhost.localdomain kernel: nvme 0000:04:00.0: AER:   device [8086:f1a6] error status/mask=00001181/0000e000
May 01 16:26:26 localhost.localdomain kernel: nvme 0000:04:00.0: AER:    [ 0] RxErr                 
May 01 16:26:26 localhost.localdomain kernel: nvme 0000:04:00.0: AER:    [ 7] BadDLLP               
May 01 16:26:26 localhost.localdomain kernel: nvme 0000:04:00.0: AER:    [ 8] Rollover              
May 01 16:26:26 localhost.localdomain kernel: nvme 0000:04:00.0: AER:    [12] Timeout               
May 01 16:26:43 localhost.localdomain wpa_supplicant[1429]: wlp5s0: CTRL-EVENT-SIGNAL-CHANGE above=1 signal=-44 noise=9999 txrate=72200
May 01 16:26:45 localhost.localdomain systemd[1]: Starting Fingerprint Authentication Daemon...
May 01 16:26:45 localhost.localdomain systemd[1]: Started Fingerprint Authentication Daemon.
May 01 16:26:45 localhost.localdomain audit[1]: SERVICE_START pid=1 uid=0 auid=4294967295 ses=4294967295 subj=system_u:system_r:init_t:s0 msg='unit=fprintd comm="systemd" exe="/usr/lib/systemd/systemd" hostname=? addr=? terminal=? res=success'
May 01 16:26:45 localhost.localdomain gnome-shell[1997]: Failed to load file:///var/lib/AccountsService/icons/revati-ThinkPad-l490: Unrecognized image file format
May 01 16:26:45 localhost.localdomain gnome-shell[1997]: Failed to load file:///var/lib/AccountsService/icons/revati-ThinkPad-l490: Unrecognized image file format
May 01 16:26:48 localhost.localdomain gnome-shell[1997]: Failed to load file:///var/lib/AccountsService/icons/revati-ThinkPad-l490: Unrecognized image file format
May 01 16:26:49 localhost.localdomain wpa_supplicant[1429]: wlp5s0: CTRL-EVENT-SIGNAL-CHANGE above=1 signal=-24 noise=9999 txrate=72200
May 01 16:26:52 localhost.localdomain gdm-password][3513]: gkr-pam: unlocked login keyring
May 01 16:26:52 localhost.localdomain audit[3513]: USER_AUTH pid=3513 uid=0 auid=1000 ses=2 subj=system_u:system_r:xdm_t:s0-s0:c0.c1023 msg='op=PAM:authentication grantors=pam_usertype,pam_localuser,pam_unix,pam_gnome_keyring acct="revati-ThinkPad-l490" exe="/usr/libexec/gdm-session-worker" hostname=localhost.localdomain addr=? terminal=/dev/tty1 res=success'
May 01 16:26:52 localhost.localdomain audit[3513]: USER_ACCT pid=3513 uid=0 auid=1000 ses=2 subj=system_u:system_r:xdm_t:s0-s0:c0.c1023 msg='op=PAM:accounting grantors=pam_unix,pam_localuser acct="revati-ThinkPad-l490" exe="/usr/libexec/gdm-session-worker" hostname=localhost.localdomain addr=? terminal=/dev/tty1 res=success'
May 01 16:26:52 localhost.localdomain audit[3513]: CRED_REFR pid=3513 uid=0 auid=1000 ses=2 subj=system_u:system_r:xdm_t:s0-s0:c0.c1023 msg='op=PAM:setcred grantors=pam_localuser,pam_unix,pam_gnome_keyring acct="revati-ThinkPad-l490" exe="/usr/libexec/gdm-session-worker" hostname=localhost.localdomain addr=? terminal=/dev/tty1 res=success'
May 01 16:26:52 localhost.localdomain gnome-shell[1997]: Failed to load file:///var/lib/AccountsService/icons/revati-ThinkPad-l490: Unrecognized image file format
May 01 16:26:52 localhost.localdomain NetworkManager[1305]: <info>  [1588330612.8572] agent-manager: agent[ab7ac37b91de96d2,:1.73/org.gnome.Shell.NetworkAgent/1000]: agent registered
May 01 16:27:15 localhost.localdomain systemd[1]: fprintd.service: Succeeded.
May 01 16:27:15 localhost.localdomain audit[1]: SERVICE_STOP pid=1 uid=0 auid=4294967295 ses=4294967295 subj=system_u:system_r:init_t:s0 msg='unit=fprintd comm="systemd" exe="/usr/lib/systemd/systemd" hostname=? addr=? terminal=? res=success'
May 01 16:27:51 localhost.localdomain systemd[1889]: vte-spawn-a895012a-c6f9-49fa-b18c-90630ccff2f9.scope: Succeeded.
May 01 16:28:04 localhost.localdomain systemd[1889]: Started Application launched by gnome-shell.
May 01 16:28:04 localhost.localdomain wpa_supplicant[1429]: wlp5s0: CTRL-EVENT-SIGNAL-CHANGE above=1 signal=-29 noise=9999 txrate=72200
May 01 16:28:06 localhost.localdomain rtkit-daemon[1169]: Supervising 3 threads of 1 processes of 1 users.
May 01 16:28:06 localhost.localdomain rtkit-daemon[1169]: Supervising 3 threads of 1 processes of 1 users.
May 01 16:28:06 localhost.localdomain rtkit-daemon[1169]: Supervising 3 threads of 1 processes of 1 users.
May 01 16:28:06 localhost.localdomain rtkit-daemon[1169]: Supervising 3 threads of 1 processes of 1 users.
May 01 16:28:06 localhost.localdomain rtkit-daemon[1169]: Supervising 3 threads of 1 processes of 1 users.
May 01 16:28:06 localhost.localdomain rtkit-daemon[1169]: Supervising 3 threads of 1 processes of 1 users.
May 01 16:28:06 localhost.localdomain rtkit-daemon[1169]: Successfully made thread 3669 of process 3539 (/usr/lib64/firefox/firefox) owned by '1000' RT at priority 10.
May 01 16:28:06 localhost.localdomain rtkit-daemon[1169]: Supervising 4 threads of 2 processes of 1 users.
May 01 16:28:06 localhost.localdomain rtkit-daemon[1169]: Supervising 4 threads of 2 processes of 1 users.
May 01 16:28:06 localhost.localdomain rtkit-daemon[1169]: Supervising 4 threads of 2 processes of 1 users.
May 01 16:28:06 localhost.localdomain rtkit-daemon[1169]: Supervising 4 threads of 2 processes of 1 users.
May 01 16:28:06 localhost.localdomain rtkit-daemon[1169]: Supervising 4 threads of 2 processes of 1 users.
May 01 16:28:07 localhost.localdomain rtkit-daemon[1169]: Supervising 4 threads of 2 processes of 1 users.
May 01 16:28:07 localhost.localdomain rtkit-daemon[1169]: Supervising 4 threads of 2 processes of 1 users.
May 01 16:28:07 localhost.localdomain rtkit-daemon[1169]: Supervising 4 threads of 2 processes of 1 users.
May 01 16:28:07 localhost.localdomain rtkit-daemon[1169]: Supervising 4 threads of 2 processes of 1 users.
May 01 16:28:08 localhost.localdomain kernel: pcieport 0000:00:1d.0: AER: Multiple Corrected error received: 0000:04:00.0
May 01 16:28:08 localhost.localdomain kernel: pcieport 0000:00:1d.0: AER: PCIe Bus Error: severity=Corrected, type=Data Link Layer, (Transmitter ID)
May 01 16:28:08 localhost.localdomain kernel: pcieport 0000:00:1d.0: AER:   device [8086:9db0] error status/mask=00001000/00002000
May 01 16:28:08 localhost.localdomain kernel: pcieport 0000:00:1d.0: AER:    [12] Timeout               
May 01 16:28:08 localhost.localdomain kernel: nvme 0000:04:00.0: AER: PCIe Bus Error: severity=Corrected, type=Physical Layer, (Receiver ID)
May 01 16:28:08 localhost.localdomain kernel: nvme 0000:04:00.0: AER:   device [8086:f1a6] error status/mask=00000001/0000e000
May 01 16:28:08 localhost.localdomain kernel: nvme 0000:04:00.0: AER:    [ 0] RxErr                 
May 01 16:28:08 localhost.localdomain kernel: nvme 0000:04:00.0: AER:   Error of this Agent is reported first
May 01 16:28:10 localhost.localdomain kernel: pcieport 0000:00:1d.0: AER: Corrected error received: 0000:04:00.0
May 01 16:28:10 localhost.localdomain kernel: nvme 0000:04:00.0: AER: PCIe Bus Error: severity=Corrected, type=Data Link Layer, (Transmitter ID)
May 01 16:28:10 localhost.localdomain kernel: nvme 0000:04:00.0: AER:   device [8086:f1a6] error status/mask=00001000/0000e000
May 01 16:28:10 localhost.localdomain kernel: nvme 0000:04:00.0: AER:    [12] Timeout               
May 01 16:28:20 localhost.localdomain systemd[1889]: gnome-launched-firefox.desktop-3539.scope: Succeeded.
May 01 16:28:20 localhost.localdomain systemd[1889]: gnome-launched-firefox.desktop-3539.scope: Consumed 9.010s CPU time.
May 01 16:28:26 localhost.localdomain kernel: pcieport 0000:00:1d.0: AER: Corrected error received: 0000:04:00.0
May 01 16:28:26 localhost.localdomain kernel: nvme 0000:04:00.0: AER: PCIe Bus Error: severity=Corrected, type=Data Link Layer, (Transmitter ID)
May 01 16:28:26 localhost.localdomain kernel: nvme 0000:04:00.0: AER:   device [8086:f1a6] error status/mask=00001000/0000e000
May 01 16:28:26 localhost.localdomain kernel: nvme 0000:04:00.0: AER:    [12] Timeout               
May 01 16:28:59 localhost.localdomain systemd[1889]: Started Application launched by gnome-shell.
May 01 16:28:59 localhost.localdomain rtkit-daemon[1169]: Supervising 3 threads of 1 processes of 1 users.
May 01 16:28:59 localhost.localdomain rtkit-daemon[1169]: Supervising 3 threads of 1 processes of 1 users.
May 01 16:28:59 localhost.localdomain rtkit-daemon[1169]: Supervising 3 threads of 1 processes of 1 users.
May 01 16:28:59 localhost.localdomain rtkit-daemon[1169]: Supervising 3 threads of 1 processes of 1 users.
May 01 16:28:59 localhost.localdomain rtkit-daemon[1169]: Successfully made thread 3968 of process 3860 (/usr/lib64/firefox/firefox) owned by '1000' RT at priority 10.
May 01 16:28:59 localhost.localdomain rtkit-daemon[1169]: Supervising 4 threads of 2 processes of 1 users.
May 01 16:28:59 localhost.localdomain rtkit-daemon[1169]: Supervising 4 threads of 2 processes of 1 users.
May 01 16:28:59 localhost.localdomain rtkit-daemon[1169]: Supervising 4 threads of 2 processes of 1 users.
May 01 16:28:59 localhost.localdomain rtkit-daemon[1169]: Supervising 4 threads of 2 processes of 1 users.
May 01 16:28:59 localhost.localdomain rtkit-daemon[1169]: Supervising 4 threads of 2 processes of 1 users.
May 01 16:29:00 localhost.localdomain rtkit-daemon[1169]: Supervising 4 threads of 2 processes of 1 users.
May 01 16:29:00 localhost.localdomain rtkit-daemon[1169]: Supervising 4 threads of 2 processes of 1 users.
May 01 16:29:00 localhost.localdomain rtkit-daemon[1169]: Supervising 4 threads of 2 processes of 1 users.
May 01 16:29:00 localhost.localdomain rtkit-daemon[1169]: Supervising 4 threads of 2 processes of 1 users.
May 01 16:29:18 localhost.localdomain kernel: pcieport 0000:00:1d.0: AER: Multiple Corrected error received: 0000:00:1d.0
May 01 16:29:18 localhost.localdomain kernel: pcieport 0000:00:1d.0: AER: PCIe Bus Error: severity=Corrected, type=Data Link Layer, (Transmitter ID)
May 01 16:29:18 localhost.localdomain kernel: pcieport 0000:00:1d.0: AER:   device [8086:9db0] error status/mask=00001100/00002000
May 01 16:29:18 localhost.localdomain kernel: pcieport 0000:00:1d.0: AER:    [ 8] Rollover              
May 01 16:29:18 localhost.localdomain kernel: pcieport 0000:00:1d.0: AER:    [12] Timeout               
May 01 16:29:36 localhost.localdomain kernel: pcieport 0000:00:1d.0: AER: Corrected error received: 0000:04:00.0
May 01 16:29:36 localhost.localdomain kernel: nvme 0000:04:00.0: AER: PCIe Bus Error: severity=Corrected, type=Data Link Layer, (Transmitter ID)
May 01 16:29:36 localhost.localdomain kernel: nvme 0000:04:00.0: AER:   device [8086:f1a6] error status/mask=00001000/0000e000
May 01 16:29:36 localhost.localdomain kernel: nvme 0000:04:00.0: AER:    [12] Timeout               
May 01 16:29:45 localhost.localdomain kernel: pcieport 0000:00:1d.0: DPC: containment event, status:0x1f05 source:0x0400
May 01 16:29:45 localhost.localdomain kernel: pcieport 0000:00:1d.0: DPC: ERR_FATAL detected
May 01 16:29:45 localhost.localdomain kernel: nvme nvme0: frozen state error detected, reset controller
May 01 16:29:45 localhost.localdomain kernel: nvme nvme0: restart after slot reset
May 01 16:29:45 localhost.localdomain kernel: nvme 0000:04:00.0: can't change power state from D3hot to D0 (config space inaccessible)
May 01 16:29:45 localhost.localdomain kernel: nvme nvme0: Removing after probe failure status: -19
May 01 16:29:45 localhost.localdomain kernel: pcieport 0000:00:1d.0: AER: device recovery successful
May 01 16:29:45 localhost.localdomain kernel: pcieport 0000:00:1d.0: DPC: containment event, status:0x1f01 source:0x0400
May 01 16:29:45 localhost.localdomain kernel: pcieport 0000:00:1d.0: DPC: unmasked uncorrectable error detected
May 01 16:29:45 localhost.localdomain kernel: nvme nvme0: frozen state error detected, reset controller
May 01 16:29:45 localhost.localdomain kernel: nvme nvme0: failed to set APST feature (-19)
May 01 16:29:45 localhost.localdomain systemd[1]: Stopping LVM event activation on device 259:3...
May 01 16:29:45 localhost.localdomain systemd[1]: Stopped target Local File Systems.
May 01 16:29:45 localhost.localdomain systemd[1]: Unmounting /boot/efi...
May 01 16:29:45 localhost.localdomain systemd[4156]: boot-efi.mount: Failed to execute command: Input/output error
May 01 16:29:45 localhost.localdomain systemd[4156]: boot-efi.mount: Failed at step EXEC spawning /usr/bin/umount: Input/output error
May 01 16:29:45 localhost.localdomain systemd[1]: boot-efi.mount: Mount process exited, code=exited, status=203/EXEC
May 01 16:29:45 localhost.localdomain systemd[1]: Failed unmounting /boot/efi.
May 01 16:29:45 localhost.localdomain systemd[1]: boot-efi.mount: Unit is bound to inactive unit dev-disk-by\x2duuid-B099\x2d892F.device. Stopping, too.
May 01 16:29:45 localhost.localdomain systemd[1]: Unmounting /boot/efi...
May 01 16:29:45 localhost.localdomain systemd[4157]: boot-efi.mount: Failed to execute command: Input/output error
May 01 16:29:45 localhost.localdomain systemd[4157]: boot-efi.mount: Failed at step EXEC spawning /usr/bin/umount: Input/output error
May 01 16:29:45 localhost.localdomain systemd[1]: boot-efi.mount: Mount process exited, code=exited, status=203/EXEC
May 01 16:29:45 localhost.localdomain systemd[1]: Failed unmounting /boot/efi.
May 01 16:29:45 localhost.localdomain systemd[1]: boot-efi.mount: Unit is bound to inactive unit dev-disk-by\x2duuid-B099\x2d892F.device. Stopping, too.
May 01 16:29:45 localhost.localdomain systemd[1]: Unmounting /boot/efi...
May 01 16:29:45 localhost.localdomain systemd[4158]: boot-efi.mount: Failed to execute command: Input/output error
May 01 16:29:45 localhost.localdomain systemd[4158]: boot-efi.mount: Failed at step EXEC spawning /usr/bin/umount: Input/output error
May 01 16:29:45 localhost.localdomain systemd[1]: boot-efi.mount: Mount process exited, code=exited, status=203/EXEC
May 01 16:29:45 localhost.localdomain systemd[1]: Failed unmounting /boot/efi.
May 01 16:29:45 localhost.localdomain systemd[1]: boot-efi.mount: Unit is bound to inactive unit dev-disk-by\x2duuid-B099\x2d892F.device. Stopping, too.
May 01 16:29:45 localhost.localdomain systemd[1]: Unmounting /boot/efi...
May 01 16:29:45 localhost.localdomain systemd[4159]: boot-efi.mount: Failed to execute command: Input/output error
May 01 16:29:45 localhost.localdomain systemd[4159]: boot-efi.mount: Failed at step EXEC spawning /usr/bin/umount: Input/output error
May 01 16:29:45 localhost.localdomain systemd[1]: boot-efi.mount: Mount process exited, code=exited, status=203/EXEC
May 01 16:29:45 localhost.localdomain systemd[1]: Failed unmounting /boot/efi.
May 01 16:29:45 localhost.localdomain systemd[1]: boot-efi.mount: Unit is bound to inactive unit dev-disk-by\x2duuid-B099\x2d892F.device. Stopping, too.
May 01 16:29:45 localhost.localdomain systemd[1]: Unmounting /boot/efi...
May 01 16:29:45 localhost.localdomain systemd[4160]: boot-efi.mount: Failed to execute command: Input/output error
May 01 16:29:45 localhost.localdomain systemd[4160]: boot-efi.mount: Failed at step EXEC spawning /usr/bin/umount: Input/output error
May 01 16:29:45 localhost.localdomain systemd[1]: boot-efi.mount: Mount process exited, code=exited, status=203/EXEC
May 01 16:29:45 localhost.localdomain systemd[1]: Failed unmounting /boot/efi.
May 01 16:29:45 localhost.localdomain systemd[1]: boot-efi.mount: Unit is bound to inactive unit dev-disk-by\x2duuid-B099\x2d892F.device. Stopping, too.
May 01 16:29:45 localhost.localdomain systemd[1]: Unmounting /boot/efi...
May 01 16:29:45 localhost.localdomain systemd[4161]: boot-efi.mount: Failed to execute command: Input/output error
May 01 16:29:45 localhost.localdomain systemd[4161]: boot-efi.mount: Failed at step EXEC spawning /usr/bin/umount: Input/output error
May 01 16:29:45 localhost.localdomain systemd[1]: boot-efi.mount: Mount process exited, code=exited, status=203/EXEC
May 01 16:29:45 localhost.localdomain systemd[1]: Failed unmounting /boot/efi.
May 01 16:29:45 localhost.localdomain lvm[4155]:   pvscan[4155] device 259:3 not found.
May 01 16:29:45 localhost.localdomain systemd[1]: boot-efi.mount: Unit is bound to inactive unit dev-disk-by\x2duuid-B099\x2d892F.device. Stopping, too.
May 01 16:29:45 localhost.localdomain systemd[1]: Unmounting /boot/efi...
May 01 16:29:45 localhost.localdomain systemd[4162]: boot-efi.mount: Failed to execute command: Input/output error
May 01 16:29:45 localhost.localdomain systemd[4162]: boot-efi.mount: Failed at step EXEC spawning /usr/bin/umount: Input/output error
May 01 16:29:45 localhost.localdomain systemd[1]: lvm2-pvscan@259:3.service: Succeeded.
May 01 16:29:45 localhost.localdomain systemd[1]: Stopped LVM event activation on device 259:3.
May 01 16:29:45 localhost.localdomain audit[1]: SERVICE_STOP pid=1 uid=0 auid=4294967295 ses=4294967295 subj=system_u:system_r:init_t:s0 msg='unit=lvm2-pvscan@259:3 comm="systemd" exe="/usr/lib/systemd/systemd" hostname=? addr=? terminal=? res=success'
May 01 16:29:45 localhost.localdomain systemd[1]: boot-efi.mount: Mount process exited, code=exited, status=203/EXEC
May 01 16:29:45 localhost.localdomain systemd[1]: Failed unmounting /boot/efi.
May 01 16:29:45 localhost.localdomain systemd[1]: boot-efi.mount: Unit is bound to inactive unit dev-disk-by\x2duuid-B099\x2d892F.device. Stopping, too.
May 01 16:29:45 localhost.localdomain systemd[1]: Unmounting /boot/efi...
May 01 16:29:45 localhost.localdomain systemd[4163]: boot-efi.mount: Failed to execute command: Input/output error
May 01 16:29:45 localhost.localdomain systemd[4163]: boot-efi.mount: Failed at step EXEC spawning /usr/bin/umount: Input/output error
May 01 16:29:45 localhost.localdomain systemd[1]: boot-efi.mount: Mount process exited, code=exited, status=203/EXEC
May 01 16:29:45 localhost.localdomain systemd[1]: Failed unmounting /boot/efi.
May 01 16:29:45 localhost.localdomain systemd[1]: boot-efi.mount: Unit is bound to inactive unit dev-disk-by\x2duuid-B099\x2d892F.device. Stopping, too.
May 01 16:29:45 localhost.localdomain systemd[1]: Unmounting /boot/efi...
May 01 16:29:45 localhost.localdomain systemd[4164]: boot-efi.mount: Failed to execute command: Input/output error
May 01 16:29:45 localhost.localdomain systemd[4164]: boot-efi.mount: Failed at step EXEC spawning /usr/bin/umount: Input/output error
May 01 16:29:45 localhost.localdomain systemd[1]: boot-efi.mount: Mount process exited, code=exited, status=203/EXEC
May 01 16:29:45 localhost.localdomain systemd[1]: Failed unmounting /boot/efi.
May 01 16:29:45 localhost.localdomain systemd[1]: boot-efi.mount: Unit is bound to inactive unit dev-disk-by\x2duuid-B099\x2d892F.device. Stopping, too.
May 01 16:29:45 localhost.localdomain systemd[1]: Unmounting /boot/efi...
May 01 16:29:45 localhost.localdomain systemd[4165]: boot-efi.mount: Failed to execute command: Input/output error
May 01 16:29:45 localhost.localdomain systemd[4165]: boot-efi.mount: Failed at step EXEC spawning /usr/bin/umount: Input/output error
May 01 16:29:45 localhost.localdomain systemd[1]: boot-efi.mount: Mount process exited, code=exited, status=203/EXEC
May 01 16:29:45 localhost.localdomain systemd[1]: Failed unmounting /boot/efi.
May 01 16:29:45 localhost.localdomain systemd[1]: boot-efi.mount: Unit is bound to inactive unit dev-disk-by\x2duuid-B099\x2d892F.device. Stopping, too.
May 01 16:29:45 localhost.localdomain systemd[1]: Unmounting /boot/efi...
May 01 16:29:45 localhost.localdomain systemd[4166]: boot-efi.mount: Failed to execute command: Input/output error
May 01 16:29:45 localhost.localdomain systemd[4166]: boot-efi.mount: Failed at step EXEC spawning /usr/bin/umount: Input/output error
May 01 16:29:45 localhost.localdomain systemd[1]: boot-efi.mount: Mount process exited, code=exited, status=203/EXEC
May 01 16:29:45 localhost.localdomain systemd[1]: Failed unmounting /boot/efi.
May 01 16:29:45 localhost.localdomain systemd[1]: boot-efi.mount: Unit is bound to inactive unit dev-disk-by\x2duuid-B099\x2d892F.device. Stopping, too.
May 01 16:29:45 localhost.localdomain systemd[1]: Unmounting /boot/efi...
May 01 16:29:45 localhost.localdomain systemd[4167]: boot-efi.mount: Failed to execute command: Input/output error
May 01 16:29:45 localhost.localdomain systemd[4167]: boot-efi.mount: Failed at step EXEC spawning /usr/bin/umount: Input/output error
May 01 16:29:45 localhost.localdomain systemd[1]: boot-efi.mount: Mount process exited, code=exited, status=203/EXEC
May 01 16:29:45 localhost.localdomain systemd[1]: Failed unmounting /boot/efi.
May 01 16:29:45 localhost.localdomain systemd[1]: boot-efi.mount: Unit is bound to inactive unit dev-disk-by\x2duuid-B099\x2d892F.device. Stopping, too.
May 01 16:29:45 localhost.localdomain systemd[1]: Unmounting /boot/efi...
May 01 16:29:45 localhost.localdomain systemd[4168]: boot-efi.mount: Failed to execute command: Input/output error
May 01 16:29:45 localhost.localdomain systemd[4168]: boot-efi.mount: Failed at step EXEC spawning /usr/bin/umount: Input/output error
May 01 16:29:45 localhost.localdomain systemd[1]: boot-efi.mount: Mount process exited, code=exited, status=203/EXEC
May 01 16:29:45 localhost.localdomain systemd[1]: Failed unmounting /boot/efi.
May 01 16:29:45 localhost.localdomain systemd[1]: boot-efi.mount: Unit is bound to inactive unit dev-disk-by\x2duuid-B099\x2d892F.device. Stopping, too.
May 01 16:29:45 localhost.localdomain systemd[1]: Unmounting /boot/efi...
May 01 16:29:45 localhost.localdomain systemd[4169]: boot-efi.mount: Failed to execute command: Input/output error
May 01 16:29:45 localhost.localdomain systemd[4169]: boot-efi.mount: Failed at step EXEC spawning /usr/bin/umount: Input/output error
May 01 16:29:45 localhost.localdomain systemd[1]: boot-efi.mount: Mount process exited, code=exited, status=203/EXEC
May 01 16:29:45 localhost.localdomain systemd[1]: Failed unmounting /boot/efi.
May 01 16:29:45 localhost.localdomain systemd[1]: boot-efi.mount: Unit is bound to inactive unit dev-disk-by\x2duuid-B099\x2d892F.device. Stopping, too.
May 01 16:29:45 localhost.localdomain systemd[1]: Unmounting /boot/efi...
May 01 16:29:45 localhost.localdomain systemd[4171]: boot-efi.mount: Failed to execute command: Input/output error
May 01 16:29:45 localhost.localdomain systemd[4171]: boot-efi.mount: Failed at step EXEC spawning /usr/bin/umount: Input/output error
May 01 16:29:45 localhost.localdomain systemd[1]: boot-efi.mount: Mount process exited, code=exited, status=203/EXEC
May 01 16:29:45 localhost.localdomain systemd[1]: Failed unmounting /boot/efi.
May 01 16:29:45 localhost.localdomain systemd[1]: boot-efi.mount: Unit is bound to inactive unit dev-disk-by\x2duuid-B099\x2d892F.device. Stopping, too.
May 01 16:29:45 localhost.localdomain systemd[1]: Unmounting /boot/efi...
May 01 16:29:45 localhost.localdomain systemd[4172]: boot-efi.mount: Failed to execute command: Input/output error
May 01 16:29:45 localhost.localdomain systemd[4172]: boot-efi.mount: Failed at step EXEC spawning /usr/bin/umount: Input/output error
May 01 16:29:45 localhost.localdomain systemd[1]: boot-efi.mount: Mount process exited, code=exited, status=203/EXEC
May 01 16:29:45 localhost.localdomain systemd[1]: Failed unmounting /boot/efi.
May 01 16:29:45 localhost.localdomain systemd[1]: boot-efi.mount: Unit is bound to inactive unit dev-disk-by\x2duuid-B099\x2d892F.device. Stopping, too.
May 01 16:29:45 localhost.localdomain systemd[1]: Unmounting /boot/efi...
May 01 16:29:45 localhost.localdomain systemd[4173]: boot-efi.mount: Failed to execute command: Input/output error
May 01 16:29:45 localhost.localdomain systemd[4173]: boot-efi.mount: Failed at step EXEC spawning /usr/bin/umount: Input/output error
May 01 16:29:45 localhost.localdomain systemd[1]: boot-efi.mount: Mount process exited, code=exited, status=203/EXEC
May 01 16:29:45 localhost.localdomain systemd[1]: Failed unmounting /boot/efi.
May 01 16:29:45 localhost.localdomain systemd[1]: boot-efi.mount: Unit is bound to inactive unit dev-disk-by\x2duuid-B099\x2d892F.device, but not stopping since we tried this too often recently.
May 01 16:29:45 localhost.localdomain systemd[1]: Unmounting /boot...
May 01 16:29:45 localhost.localdomain systemd[1]: systemd-fsck@dev-disk-by\x2duuid-B099\x2d892F.service: Succeeded.
May 01 16:29:45 localhost.localdomain systemd[1]: Stopped File System Check on /dev/disk/by-uuid/B099-892F.
May 01 16:29:45 localhost.localdomain audit[1]: SERVICE_STOP pid=1 uid=0 auid=4294967295 ses=4294967295 subj=system_u:system_r:init_t:s0 msg='unit=systemd-fsck@dev-disk-by\x2duuid-B099\x2d892F comm="systemd" exe="/usr/lib/systemd/systemd" hostname=? addr=? terminal=? res=success'
May 01 16:29:45 localhost.localdomain systemd[4174]: boot.mount: Failed to execute command: Input/output error
May 01 16:29:45 localhost.localdomain systemd[4174]: boot.mount: Failed at step EXEC spawning /usr/bin/umount: Input/output error
May 01 16:29:45 localhost.localdomain systemd[1]: boot.mount: Mount process exited, code=exited, status=203/EXEC
May 01 16:29:45 localhost.localdomain systemd[1]: Failed unmounting /boot.
May 01 16:29:45 localhost.localdomain systemd[1]: boot.mount: Unit is bound to inactive unit dev-disk-by\x2duuid-32e4e876\x2d8f7f\x2d4fa5\x2da833\x2d39010708cf8f.device. Stopping, too.
May 01 16:29:45 localhost.localdomain systemd[1]: Unmounting /boot/efi...
May 01 16:29:45 localhost.localdomain systemd[4175]: boot-efi.mount: Failed to execute command: Input/output error
May 01 16:29:45 localhost.localdomain systemd[4175]: boot-efi.mount: Failed at step EXEC spawning /usr/bin/umount: Input/output error
May 01 16:29:45 localhost.localdomain systemd[1]: boot-efi.mount: Mount process exited, code=exited, status=203/EXEC
May 01 16:29:45 localhost.localdomain systemd[1]: Failed unmounting /boot/efi.
May 01 16:29:45 localhost.localdomain systemd[1]: boot-efi.mount: Unit is bound to inactive unit dev-disk-by\x2duuid-B099\x2d892F.device, but not stopping since we tried this too often recently.
May 01 16:29:45 localhost.localdomain systemd[1]: Unmounting /boot...
May 01 16:29:45 localhost.localdomain systemd[4176]: boot.mount: Failed to execute command: Input/output error
May 01 16:29:45 localhost.localdomain systemd[4176]: boot.mount: Failed at step EXEC spawning /usr/bin/umount: Input/output error
May 01 16:29:45 localhost.localdomain systemd[1]: boot.mount: Mount process exited, code=exited, status=203/EXEC
May 01 16:29:45 localhost.localdomain systemd[1]: Failed unmounting /boot.
May 01 16:29:45 localhost.localdomain systemd[1]: boot.mount: Unit is bound to inactive unit dev-disk-by\x2duuid-32e4e876\x2d8f7f\x2d4fa5\x2da833\x2d39010708cf8f.device. Stopping, too.
May 01 16:29:45 localhost.localdomain systemd[1]: Unmounting /boot/efi...
May 01 16:29:45 localhost.localdomain systemd[4177]: boot-efi.mount: Failed to execute command: Input/output error
May 01 16:29:45 localhost.localdomain systemd[4177]: boot-efi.mount: Failed at step EXEC spawning /usr/bin/umount: Input/output error
May 01 16:29:45 localhost.localdomain systemd[1]: boot-efi.mount: Mount process exited, code=exited, status=203/EXEC
May 01 16:29:45 localhost.localdomain systemd[1]: Failed unmounting /boot/efi.
May 01 16:29:45 localhost.localdomain systemd[1]: boot-efi.mount: Unit is bound to inactive unit dev-disk-by\x2duuid-B099\x2d892F.device, but not stopping since we tried this too often recently.
May 01 16:29:45 localhost.localdomain systemd[1]: Unmounting /boot...
May 01 16:29:45 localhost.localdomain systemd[4178]: boot.mount: Failed to execute command: Input/output error
May 01 16:29:45 localhost.localdomain systemd[4178]: boot.mount: Failed at step EXEC spawning /usr/bin/umount: Input/output error
May 01 16:29:45 localhost.localdomain systemd[1]: boot.mount: Mount process exited, code=exited, status=203/EXEC
May 01 16:29:45 localhost.localdomain systemd[1]: Failed unmounting /boot.
May 01 16:29:45 localhost.localdomain systemd[1]: boot.mount: Unit is bound to inactive unit dev-disk-by\x2duuid-32e4e876\x2d8f7f\x2d4fa5\x2da833\x2d39010708cf8f.device. Stopping, too.
May 01 16:29:45 localhost.localdomain systemd[1]: Unmounting /boot/efi...
May 01 16:29:45 localhost.localdomain systemd[4179]: boot-efi.mount: Failed to execute command: Input/output error
May 01 16:29:45 localhost.localdomain systemd[4179]: boot-efi.mount: Failed at step EXEC spawning /usr/bin/umount: Input/output error
May 01 16:29:45 localhost.localdomain systemd[1]: boot-efi.mount: Mount process exited, code=exited, status=203/EXEC
May 01 16:29:45 localhost.localdomain systemd[1]: Failed unmounting /boot/efi.
May 01 16:29:45 localhost.localdomain systemd[1]: boot-efi.mount: Unit is bound to inactive unit dev-disk-by\x2duuid-B099\x2d892F.device, but not stopping since we tried this too often recently.
May 01 16:29:45 localhost.localdomain systemd[1]: Unmounting /boot...
May 01 16:29:45 localhost.localdomain systemd[4180]: boot.mount: Failed to execute command: Input/output error
May 01 16:29:45 localhost.localdomain systemd[4180]: boot.mount: Failed at step EXEC spawning /usr/bin/umount: Input/output error
May 01 16:29:45 localhost.localdomain systemd[1]: boot.mount: Mount process exited, code=exited, status=203/EXEC
May 01 16:29:45 localhost.localdomain systemd[1]: Failed unmounting /boot.
May 01 16:29:45 localhost.localdomain systemd[1]: boot.mount: Unit is bound to inactive unit dev-disk-by\x2duuid-32e4e876\x2d8f7f\x2d4fa5\x2da833\x2d39010708cf8f.device. Stopping, too.
May 01 16:29:45 localhost.localdomain systemd[1]: Unmounting /boot/efi...
May 01 16:29:45 localhost.localdomain systemd[4181]: boot-efi.mount: Failed to execute command: Input/output error
May 01 16:29:45 localhost.localdomain systemd[4181]: boot-efi.mount: Failed at step EXEC spawning /usr/bin/umount: Input/output error
May 01 16:29:45 localhost.localdomain systemd[1]: boot-efi.mount: Mount process exited, code=exited, status=203/EXEC
May 01 16:29:45 localhost.localdomain systemd[1]: Failed unmounting /boot/efi.
May 01 16:29:45 localhost.localdomain systemd[1]: boot-efi.mount: Unit is bound to inactive unit dev-disk-by\x2duuid-B099\x2d892F.device, but not stopping since we tried this too often recently.
May 01 16:29:45 localhost.localdomain systemd[1]: Unmounting /boot...
May 01 16:29:45 localhost.localdomain systemd[4182]: boot.mount: Failed to execute command: Input/output error
May 01 16:29:45 localhost.localdomain systemd[4182]: boot.mount: Failed at step EXEC spawning /usr/bin/umount: Input/output error
May 01 16:29:45 localhost.localdomain systemd[1]: boot.mount: Mount process exited, code=exited, status=203/EXEC
May 01 16:29:45 localhost.localdomain systemd[1]: Failed unmounting /boot.
May 01 16:29:45 localhost.localdomain systemd[1]: boot.mount: Unit is bound to inactive unit dev-disk-by\x2duuid-32e4e876\x2d8f7f\x2d4fa5\x2da833\x2d39010708cf8f.device. Stopping, too.
May 01 16:29:45 localhost.localdomain systemd[1]: Unmounting /boot/efi...
May 01 16:29:45 localhost.localdomain systemd[4183]: boot-efi.mount: Failed to execute command: Input/output error
May 01 16:29:45 localhost.localdomain systemd[4183]: boot-efi.mount: Failed at step EXEC spawning /usr/bin/umount: Input/output error
May 01 16:29:45 localhost.localdomain systemd[1]: boot-efi.mount: Mount process exited, code=exited, status=203/EXEC
May 01 16:29:45 localhost.localdomain systemd[1]: Failed unmounting /boot/efi.
May 01 16:29:45 localhost.localdomain systemd[1]: boot-efi.mount: Unit is bound to inactive unit dev-disk-by\x2duuid-B099\x2d892F.device, but not stopping since we tried this too often recently.
May 01 16:29:45 localhost.localdomain systemd[1]: Unmounting /boot...
May 01 16:29:45 localhost.localdomain systemd[4184]: boot.mount: Failed to execute command: Input/output error
May 01 16:29:45 localhost.localdomain systemd[4184]: boot.mount: Failed at step EXEC spawning /usr/bin/umount: Input/output error
May 01 16:29:45 localhost.localdomain systemd[1]: boot.mount: Mount process exited, code=exited, status=203/EXEC
May 01 16:29:45 localhost.localdomain systemd[1]: Failed unmounting /boot.
May 01 16:29:45 localhost.localdomain systemd[1]: boot.mount: Unit is bound to inactive unit dev-disk-by\x2duuid-32e4e876\x2d8f7f\x2d4fa5\x2da833\x2d39010708cf8f.device. Stopping, too.
May 01 16:29:45 localhost.localdomain systemd[1]: Unmounting /boot/efi...
May 01 16:29:45 localhost.localdomain systemd[4185]: boot-efi.mount: Failed to execute command: Input/output error
May 01 16:29:45 localhost.localdomain systemd[4185]: boot-efi.mount: Failed at step EXEC spawning /usr/bin/umount: Input/output error
May 01 16:29:45 localhost.localdomain systemd[1]: boot-efi.mount: Mount process exited, code=exited, status=203/EXEC
May 01 16:29:45 localhost.localdomain systemd[1]: Failed unmounting /boot/efi.
May 01 16:29:45 localhost.localdomain systemd[1]: boot-efi.mount: Unit is bound to inactive unit dev-disk-by\x2duuid-B099\x2d892F.device, but not stopping since we tried this too often recently.
May 01 16:29:45 localhost.localdomain systemd[1]: Unmounting /boot...
May 01 16:29:45 localhost.localdomain systemd[4186]: boot.mount: Failed to execute command: Input/output error
May 01 16:29:45 localhost.localdomain systemd[4186]: boot.mount: Failed at step EXEC spawning /usr/bin/umount: Input/output error
May 01 16:29:45 localhost.localdomain systemd[1]: boot.mount: Mount process exited, code=exited, status=203/EXEC
May 01 16:29:45 localhost.localdomain systemd[1]: Failed unmounting /boot.
May 01 16:29:45 localhost.localdomain systemd[1]: boot.mount: Unit is bound to inactive unit dev-disk-by\x2duuid-32e4e876\x2d8f7f\x2d4fa5\x2da833\x2d39010708cf8f.device. Stopping, too.
May 01 16:29:45 localhost.localdomain systemd[1]: Unmounting /boot/efi...
May 01 16:29:45 localhost.localdomain systemd[4187]: boot-efi.mount: Failed to execute command: Input/output error
May 01 16:29:45 localhost.localdomain systemd[4187]: boot-efi.mount: Failed at step EXEC spawning /usr/bin/umount: Input/output error
May 01 16:29:45 localhost.localdomain systemd[1]: boot-efi.mount: Mount process exited, code=exited, status=203/EXEC
May 01 16:29:45 localhost.localdomain systemd[1]: Failed unmounting /boot/efi.
May 01 16:29:45 localhost.localdomain systemd[1]: boot-efi.mount: Unit is bound to inactive unit dev-disk-by\x2duuid-B099\x2d892F.device, but not stopping since we tried this too often recently.
May 01 16:29:45 localhost.localdomain systemd[1]: Unmounting /boot...
May 01 16:29:45 localhost.localdomain systemd[4188]: boot.mount: Failed to execute command: Input/output error
May 01 16:29:45 localhost.localdomain systemd[4188]: boot.mount: Failed at step EXEC spawning /usr/bin/umount: Input/output error
May 01 16:29:45 localhost.localdomain systemd[1]: boot.mount: Mount process exited, code=exited, status=203/EXEC
May 01 16:29:45 localhost.localdomain systemd[1]: Failed unmounting /boot.
May 01 16:29:45 localhost.localdomain systemd[1]: boot.mount: Unit is bound to inactive unit dev-disk-by\x2duuid-32e4e876\x2d8f7f\x2d4fa5\x2da833\x2d39010708cf8f.device. Stopping, too.
May 01 16:29:45 localhost.localdomain systemd[1]: Unmounting /boot/efi...
May 01 16:29:45 localhost.localdomain systemd[4189]: boot-efi.mount: Failed to execute command: Input/output error
May 01 16:29:45 localhost.localdomain systemd[4189]: boot-efi.mount: Failed at step EXEC spawning /usr/bin/umount: Input/output error
May 01 16:29:45 localhost.localdomain systemd[1]: boot-efi.mount: Mount process exited, code=exited, status=203/EXEC
May 01 16:29:45 localhost.localdomain systemd[1]: Failed unmounting /boot/efi.
May 01 16:29:45 localhost.localdomain systemd[1]: boot-efi.mount: Unit is bound to inactive unit dev-disk-by\x2duuid-B099\x2d892F.device, but not stopping since we tried this too often recently.
May 01 16:29:45 localhost.localdomain systemd[1]: Unmounting /boot...
May 01 16:29:45 localhost.localdomain systemd[4190]: boot.mount: Failed to execute command: Input/output error
May 01 16:29:45 localhost.localdomain systemd[4190]: boot.mount: Failed at step EXEC spawning /usr/bin/umount: Input/output error
May 01 16:29:45 localhost.localdomain systemd[1]: boot.mount: Mount process exited, code=exited, status=203/EXEC
May 01 16:29:45 localhost.localdomain systemd[1]: Failed unmounting /boot.
May 01 16:29:45 localhost.localdomain systemd[1]: boot.mount: Unit is bound to inactive unit dev-disk-by\x2duuid-32e4e876\x2d8f7f\x2d4fa5\x2da833\x2d39010708cf8f.device. Stopping, too.
May 01 16:29:45 localhost.localdomain systemd[1]: Unmounting /boot/efi...
May 01 16:29:45 localhost.localdomain systemd[4191]: boot-efi.mount: Failed to execute command: Input/output error
May 01 16:29:45 localhost.localdomain systemd[4191]: boot-efi.mount: Failed at step EXEC spawning /usr/bin/umount: Input/output error
May 01 16:29:45 localhost.localdomain systemd[1]: boot-efi.mount: Mount process exited, code=exited, status=203/EXEC
May 01 16:29:45 localhost.localdomain systemd[1]: Failed unmounting /boot/efi.
May 01 16:29:45 localhost.localdomain systemd[1]: boot-efi.mount: Unit is bound to inactive unit dev-disk-by\x2duuid-B099\x2d892F.device, but not stopping since we tried this too often recently.
May 01 16:29:45 localhost.localdomain systemd[1]: Unmounting /boot...
May 01 16:29:45 localhost.localdomain systemd[4192]: boot.mount: Failed to execute command: Input/output error
May 01 16:29:45 localhost.localdomain systemd[4192]: boot.mount: Failed at step EXEC spawning /usr/bin/umount: Input/output error
May 01 16:29:45 localhost.localdomain systemd[1]: boot.mount: Mount process exited, code=exited, status=203/EXEC
May 01 16:29:45 localhost.localdomain systemd[1]: Failed unmounting /boot.
May 01 16:29:45 localhost.localdomain systemd[1]: boot.mount: Unit is bound to inactive unit dev-disk-by\x2duuid-32e4e876\x2d8f7f\x2d4fa5\x2da833\x2d39010708cf8f.device. Stopping, too.
May 01 16:29:45 localhost.localdomain systemd[1]: Unmounting /boot/efi...
May 01 16:29:45 localhost.localdomain systemd[4193]: boot-efi.mount: Failed to execute command: Input/output error
May 01 16:29:45 localhost.localdomain systemd[4193]: boot-efi.mount: Failed at step EXEC spawning /usr/bin/umount: Input/output error
May 01 16:29:45 localhost.localdomain systemd[1]: boot-efi.mount: Mount process exited, code=exited, status=203/EXEC
May 01 16:29:45 localhost.localdomain systemd[1]: Failed unmounting /boot/efi.
May 01 16:29:45 localhost.localdomain systemd[1]: boot-efi.mount: Unit is bound to inactive unit dev-disk-by\x2duuid-B099\x2d892F.device, but not stopping since we tried this too often recently.
May 01 16:29:45 localhost.localdomain systemd[1]: Unmounting /boot...
May 01 16:29:45 localhost.localdomain systemd[4194]: boot.mount: Failed to execute command: Input/output error
May 01 16:29:45 localhost.localdomain systemd[4194]: boot.mount: Failed at step EXEC spawning /usr/bin/umount: Input/output error
May 01 16:29:45 localhost.localdomain systemd[1]: boot.mount: Mount process exited, code=exited, status=203/EXEC
May 01 16:29:45 localhost.localdomain systemd[1]: Failed unmounting /boot.
May 01 16:29:45 localhost.localdomain systemd[1]: boot.mount: Unit is bound to inactive unit dev-disk-by\x2duuid-32e4e876\x2d8f7f\x2d4fa5\x2da833\x2d39010708cf8f.device. Stopping, too.
May 01 16:29:45 localhost.localdomain systemd[1]: Unmounting /boot/efi...
May 01 16:29:45 localhost.localdomain systemd[4195]: boot-efi.mount: Failed to execute command: Input/output error
May 01 16:29:45 localhost.localdomain systemd[4195]: boot-efi.mount: Failed at step EXEC spawning /usr/bin/umount: Input/output error
May 01 16:29:45 localhost.localdomain systemd[1]: boot-efi.mount: Mount process exited, code=exited, status=203/EXEC
May 01 16:29:45 localhost.localdomain systemd[1]: Failed unmounting /boot/efi.
May 01 16:29:45 localhost.localdomain systemd[1]: boot-efi.mount: Unit is bound to inactive unit dev-disk-by\x2duuid-B099\x2d892F.device, but not stopping since we tried this too often recently.
May 01 16:29:45 localhost.localdomain systemd[1]: Unmounting /boot...
May 01 16:29:45 localhost.localdomain systemd[4196]: boot.mount: Failed to execute command: Input/output error
May 01 16:29:45 localhost.localdomain systemd[4196]: boot.mount: Failed at step EXEC spawning /usr/bin/umount: Input/output error
May 01 16:29:45 localhost.localdomain systemd[1]: boot.mount: Mount process exited, code=exited, status=203/EXEC
May 01 16:29:45 localhost.localdomain systemd[1]: Failed unmounting /boot.
May 01 16:29:45 localhost.localdomain systemd[1]: boot.mount: Unit is bound to inactive unit dev-disk-by\x2duuid-32e4e876\x2d8f7f\x2d4fa5\x2da833\x2d39010708cf8f.device. Stopping, too.
May 01 16:29:45 localhost.localdomain systemd[1]: Unmounting /boot/efi...
May 01 16:29:45 localhost.localdomain systemd[4197]: boot-efi.mount: Failed to execute command: Input/output error
May 01 16:29:45 localhost.localdomain systemd[4197]: boot-efi.mount: Failed at step EXEC spawning /usr/bin/umount: Input/output error
May 01 16:29:45 localhost.localdomain systemd[1]: boot-efi.mount: Mount process exited, code=exited, status=203/EXEC
May 01 16:29:45 localhost.localdomain systemd[1]: Failed unmounting /boot/efi.
May 01 16:29:45 localhost.localdomain systemd[1]: boot-efi.mount: Unit is bound to inactive unit dev-disk-by\x2duuid-B099\x2d892F.device, but not stopping since we tried this too often recently.
May 01 16:29:45 localhost.localdomain systemd[1]: Unmounting /boot...
May 01 16:29:45 localhost.localdomain systemd[4198]: boot.mount: Failed to execute command: Input/output error
May 01 16:29:45 localhost.localdomain systemd[4198]: boot.mount: Failed at step EXEC spawning /usr/bin/umount: Input/output error
May 01 16:29:45 localhost.localdomain systemd[1]: boot.mount: Mount process exited, code=exited, status=203/EXEC
May 01 16:29:45 localhost.localdomain systemd[1]: Failed unmounting /boot.
May 01 16:29:45 localhost.localdomain systemd[1]: boot.mount: Unit is bound to inactive unit dev-disk-by\x2duuid-32e4e876\x2d8f7f\x2d4fa5\x2da833\x2d39010708cf8f.device. Stopping, too.
May 01 16:29:45 localhost.localdomain systemd[1]: Unmounting /boot/efi...
May 01 16:29:45 localhost.localdomain systemd[4199]: boot-efi.mount: Failed to execute command: Input/output error
May 01 16:29:45 localhost.localdomain systemd[4199]: boot-efi.mount: Failed at step EXEC spawning /usr/bin/umount: Input/output error
May 01 16:29:45 localhost.localdomain systemd[1]: boot-efi.mount: Mount process exited, code=exited, status=203/EXEC
May 01 16:29:45 localhost.localdomain systemd[1]: Failed unmounting /boot/efi.
May 01 16:29:45 localhost.localdomain systemd[1]: boot-efi.mount: Unit is bound to inactive unit dev-disk-by\x2duuid-B099\x2d892F.device, but not stopping since we tried this too often recently.
May 01 16:29:45 localhost.localdomain systemd[1]: Unmounting /boot...
May 01 16:29:45 localhost.localdomain systemd[4200]: boot.mount: Failed to execute command: Input/output error
May 01 16:29:45 localhost.localdomain systemd[4200]: boot.mount: Failed at step EXEC spawning /usr/bin/umount: Input/output error
May 01 16:29:45 localhost.localdomain systemd[1]: boot.mount: Mount process exited, code=exited, status=203/EXEC
May 01 16:29:45 localhost.localdomain systemd[1]: Failed unmounting /boot.
May 01 16:29:45 localhost.localdomain systemd[1]: boot.mount: Unit is bound to inactive unit dev-disk-by\x2duuid-32e4e876\x2d8f7f\x2d4fa5\x2da833\x2d39010708cf8f.device. Stopping, too.
May 01 16:29:45 localhost.localdomain systemd[1]: Unmounting /boot/efi...
May 01 16:29:45 localhost.localdomain systemd[4201]: boot-efi.mount: Failed to execute command: Input/output error
May 01 16:29:45 localhost.localdomain systemd[4201]: boot-efi.mount: Failed at step EXEC spawning /usr/bin/umount: Input/output error
May 01 16:29:45 localhost.localdomain systemd[1]: boot-efi.mount: Mount process exited, code=exited, status=203/EXEC
May 01 16:29:45 localhost.localdomain systemd[1]: Failed unmounting /boot/efi.
May 01 16:29:45 localhost.localdomain systemd[1]: boot-efi.mount: Unit is bound to inactive unit dev-disk-by\x2duuid-B099\x2d892F.device, but not stopping since we tried this too often recently.
May 01 16:29:45 localhost.localdomain systemd[1]: Unmounting /boot...
May 01 16:29:45 localhost.localdomain systemd[4202]: boot.mount: Failed to execute command: Input/output error
May 01 16:29:45 localhost.localdomain systemd[4202]: boot.mount: Failed at step EXEC spawning /usr/bin/umount: Input/output error
May 01 16:29:45 localhost.localdomain systemd[1]: boot.mount: Mount process exited, code=exited, status=203/EXEC
May 01 16:29:45 localhost.localdomain systemd[1]: Failed unmounting /boot.
May 01 16:29:45 localhost.localdomain systemd[1]: boot.mount: Unit is bound to inactive unit dev-disk-by\x2duuid-32e4e876\x2d8f7f\x2d4fa5\x2da833\x2d39010708cf8f.device. Stopping, too.
May 01 16:29:45 localhost.localdomain systemd[1]: Unmounting /boot/efi...
May 01 16:29:45 localhost.localdomain systemd[4203]: boot-efi.mount: Failed to execute command: Input/output error
May 01 16:29:45 localhost.localdomain systemd[4203]: boot-efi.mount: Failed at step EXEC spawning /usr/bin/umount: Input/output error
May 01 16:29:45 localhost.localdomain systemd[1]: boot-efi.mount: Mount process exited, code=exited, status=203/EXEC
May 01 16:29:45 localhost.localdomain systemd[1]: Failed unmounting /boot/efi.
May 01 16:29:45 localhost.localdomain systemd[1]: boot-efi.mount: Unit is bound to inactive unit dev-disk-by\x2duuid-B099\x2d892F.device, but not stopping since we tried this too often recently.
May 01 16:29:45 localhost.localdomain systemd[1]: Unmounting /boot...
May 01 16:29:45 localhost.localdomain systemd[4204]: boot.mount: Failed to execute command: Input/output error
May 01 16:29:45 localhost.localdomain systemd[4204]: boot.mount: Failed at step EXEC spawning /usr/bin/umount: Input/output error
May 01 16:29:45 localhost.localdomain systemd[1]: boot.mount: Mount process exited, code=exited, status=203/EXEC
May 01 16:29:45 localhost.localdomain systemd[1]: Failed unmounting /boot.
May 01 16:29:45 localhost.localdomain systemd[1]: boot.mount: Unit is bound to inactive unit dev-disk-by\x2duuid-32e4e876\x2d8f7f\x2d4fa5\x2da833\x2d39010708cf8f.device. Stopping, too.
May 01 16:29:45 localhost.localdomain systemd[1]: Unmounting /boot/efi...
May 01 16:29:45 localhost.localdomain systemd[4205]: boot-efi.mount: Failed to execute command: Input/output error
May 01 16:29:45 localhost.localdomain systemd[4205]: boot-efi.mount: Failed at step EXEC spawning /usr/bin/umount: Input/output error
May 01 16:29:45 localhost.localdomain systemd[1]: boot-efi.mount: Mount process exited, code=exited, status=203/EXEC
May 01 16:29:45 localhost.localdomain systemd[1]: Failed unmounting /boot/efi.
May 01 16:29:45 localhost.localdomain systemd[1]: boot-efi.mount: Unit is bound to inactive unit dev-disk-by\x2duuid-B099\x2d892F.device, but not stopping since we tried this too often recently.
May 01 16:29:45 localhost.localdomain systemd[1]: Unmounting /boot...
May 01 16:29:45 localhost.localdomain systemd[4206]: boot.mount: Failed to execute command: Input/output error
May 01 16:29:45 localhost.localdomain systemd[4206]: boot.mount: Failed at step EXEC spawning /usr/bin/umount: Input/output error
May 01 16:29:45 localhost.localdomain systemd[1]: boot.mount: Mount process exited, code=exited, status=203/EXEC
May 01 16:29:45 localhost.localdomain systemd[1]: Failed unmounting /boot.
May 01 16:29:45 localhost.localdomain systemd[1]: boot.mount: Unit is bound to inactive unit dev-disk-by\x2duuid-32e4e876\x2d8f7f\x2d4fa5\x2da833\x2d39010708cf8f.device, but not stopping since we tried this too often recently.
May 01 16:29:45 localhost.localdomain systemd[1]: systemd-fsck@dev-disk-by\x2duuid-32e4e876\x2d8f7f\x2d4fa5\x2da833\x2d39010708cf8f.service: Succeeded.
May 01 16:29:45 localhost.localdomain systemd[1]: Stopped File System Check on /dev/disk/by-uuid/32e4e876-8f7f-4fa5-a833-39010708cf8f.
May 01 16:29:45 localhost.localdomain audit[1]: SERVICE_STOP pid=1 uid=0 auid=4294967295 ses=4294967295 subj=system_u:system_r:init_t:s0 msg='unit=systemd-fsck@dev-disk-by\x2duuid-32e4e876\x2d8f7f\x2d4fa5\x2da833\x2d39010708cf8f comm="systemd" exe="/usr/lib/systemd/systemd" hostname=? addr=? terminal=? res=success'
May 01 16:29:45 localhost.localdomain kernel: pcieport 0000:00:1d.0: AER: device recovery successful
